01:12:32.005 skipping bootstrap configuration: could not find or read file: classpath:karate-config.js
01:12:32.501 request:
1 > GET https://reqres.in/api/users/2
1 > Accept-Encoding: gzip,deflate
1 > Connection: Keep-Alive
1 > Host: reqres.in
1 > User-Agent: Apache-HttpClient/4.5.11 (Java/1.8.0_151)

01:12:32.942 response time in milliseconds: 430.73
1 < 200
1 < Access-Control-Allow-Origin: *
1 < Age: 6781
1 < CF-Cache-Status: HIT
1 < CF-RAY: 5ac5d93039a2d308-ATL
1 < Cache-Control: max-age=14400
1 < Connection: keep-alive
1 < Content-Type: application/json; charset=utf-8
1 < Date: Thu, 02 Jul 2020 05:08:21 GMT
1 < Etag: W/"173-1Z8bn0V7UjH6FK7NCaza1ccWXQk"
1 < Expect-CT: max-age=604800, report-uri="https://report-uri.cloudflare.com/cdn-cgi/beacon/expect-ct"
1 < Server: cloudflare
1 < Set-Cookie: __cfduid=dfa2206c529c3595e331a390a121a026d1593666501; expires=Sat, 01-Aug-20 05:08:21 GMT; path=/; domain=.reqres.in; HttpOnly; SameSite=Lax; Secure
1 < Transfer-Encoding: chunked
1 < Vary: Accept-Encoding
1 < Via: 1.1 vegur
1 < X-Powered-By: Express
1 < cf-request-id: 03af86121e0000d30831acb200000001
{"data":{"id":2,"email":"janet.weaver@reqres.in","first_name":"Janet","last_name":"Weaver","avatar":"https://s3.amazonaws.com/uifaces/faces/twitter/josephstein/128.jpg"},"ad":{"company":"StatusCode Weekly","url":"http://statuscode.org/","text":"A weekly newsletter focusing on software development, infrastructure, the server, performance, and the stack end of things."}}

01:12:33.046 [print] {
  "ad": {
    "company": "StatusCode Weekly",
    "text": "A weekly newsletter focusing on software development, infrastructure, the server, performance, and the stack end of things.",
    "url": "http://statuscode.org/"
  },
  "data": {
    "last_name": "Weaver",
    "id": 2,
    "avatar": "https://s3.amazonaws.com/uifaces/faces/twitter/josephstein/128.jpg",
    "first_name": "Janet",
    "email": "janet.weaver@reqres.in"
  }
}

